[I 2026-01-07 11:21:00.669 ServerApp] jupyter_lsp | extension was successfully linked.
[I 2026-01-07 11:21:00.677 ServerApp] jupyter_server_terminals | extension was successfully linked.
[I 2026-01-07 11:21:00.687 ServerApp] jupyterlab | extension was successfully linked.
[I 2026-01-07 11:21:00.694 ServerApp] notebook | extension was successfully linked.
[I 2026-01-07 11:21:00.967 ServerApp] notebook_shim | extension was successfully linked.
[I 2026-01-07 11:21:00.984 ServerApp] notebook_shim | extension was successfully loaded.
[I 2026-01-07 11:21:00.985 ServerApp] jupyter_lsp | extension was successfully loaded.
[I 2026-01-07 11:21:00.986 ServerApp] jupyter_server_terminals | extension was successfully loaded.
[I 2026-01-07 11:21:00.988 LabApp] JupyterLab extension loaded from /home/etsuko/.cache/pypoetry/virtualenvs/centrale-casa-lab1-centrality-VbnhcQK0-py3.12/lib/python3.12/site-packages/jupyterlab
[I 2026-01-07 11:21:00.988 LabApp] JupyterLab application directory is /home/etsuko/.cache/pypoetry/virtualenvs/centrale-casa-lab1-centrality-VbnhcQK0-py3.12/share/jupyter/lab
[I 2026-01-07 11:21:00.988 LabApp] Extension Manager is 'pypi'.
[I 2026-01-07 11:21:01.056 ServerApp] jupyterlab | extension was successfully loaded.
[I 2026-01-07 11:21:01.061 ServerApp] notebook | extension was successfully loaded.
[I 2026-01-07 11:21:01.062 ServerApp] Serving notebooks from local directory: /home/etsuko/Desktop/courses/options/graph-analytics-and-applications/Centrale-Casa-Lab1-Centrality/Centrale-Casa-Lab1-Centrality
[I 2026-01-07 11:21:01.062 ServerApp] Jupyter Server 2.17.0 is running at:
[I 2026-01-07 11:21:01.062 ServerApp] http://localhost:8888/lab?token=a5ef2ed995e3c235ddb18d9e486bbf3f69194381eff1a4c2
[I 2026-01-07 11:21:01.062 ServerApp]     http://127.0.0.1:8888/lab?token=a5ef2ed995e3c235ddb18d9e486bbf3f69194381eff1a4c2
[I 2026-01-07 11:21:01.062 ServerApp] Use Control-C to stop this server and shut down all kernels (twice to skip confirmation).
[C 2026-01-07 11:21:01.089 ServerApp] 
    
    To access the server, open this file in a browser:
        file:///home/etsuko/.local/share/jupyter/runtime/jpserver-920219-open.html
    Or copy and paste one of these URLs:
        http://localhost:8888/lab?token=a5ef2ed995e3c235ddb18d9e486bbf3f69194381eff1a4c2
        http://127.0.0.1:8888/lab?token=a5ef2ed995e3c235ddb18d9e486bbf3f69194381eff1a4c2
Opening in existing browser session.
[I 2026-01-07 11:21:01.319 ServerApp] Skipped non-installed server(s): basedpyright, bash-language-server, dockerfile-language-server-nodejs, javascript-typescript-langserver, jedi-language-server, julia-language-server, pyrefly, pyright, python-language-server, python-lsp-server, r-languageserver, sql-language-server, texlab, typescript-language-server, unified-language-server, vscode-css-languageserver-bin, vscode-html-languageserver-bin, vscode-json-languageserver-bin, yaml-language-server
[I 2026-01-07 11:21:03.804 LabApp] Build is up to date
[W 2026-01-07 11:21:07.065 ServerApp] 404 GET /api/kernels/737dea90-6f33-4efd-9d4b-089350455139?1767781267060 (127.0.0.1): Kernel does not exist: 737dea90-6f33-4efd-9d4b-089350455139
[W 2026-01-07 11:21:07.076 ServerApp] wrote error: 'Kernel does not exist: 737dea90-6f33-4efd-9d4b-089350455139'
    Traceback (most recent call last):
      File "/home/etsuko/.cache/pypoetry/virtualenvs/centrale-casa-lab1-centrality-VbnhcQK0-py3.12/lib/python3.12/site-packages/tornado/web.py", line 1859, in _execute
        result = await result
                 ^^^^^^^^^^^^
      File "/home/etsuko/.cache/pypoetry/virtualenvs/centrale-casa-lab1-centrality-VbnhcQK0-py3.12/lib/python3.12/site-packages/jupyter_server/auth/decorator.py", line 73, in inner
        return await out
               ^^^^^^^^^
      File "/home/etsuko/.cache/pypoetry/virtualenvs/centrale-casa-lab1-centrality-VbnhcQK0-py3.12/lib/python3.12/site-packages/jupyter_server/services/kernels/handlers.py", line 75, in get
        model = await ensure_async(km.kernel_model(kernel_id))
                                   ^^^^^^^^^^^^^^^^^^^^^^^^^^
      File "/home/etsuko/.cache/pypoetry/virtualenvs/centrale-casa-lab1-centrality-VbnhcQK0-py3.12/lib/python3.12/site-packages/jupyter_server/services/kernels/kernelmanager.py", line 513, in kernel_model
        self._check_kernel_id(kernel_id)
      File "/home/etsuko/.cache/pypoetry/virtualenvs/centrale-casa-lab1-centrality-VbnhcQK0-py3.12/lib/python3.12/site-packages/jupyter_server/services/kernels/kernelmanager.py", line 544, in _check_kernel_id
        raise web.HTTPError(404, "Kernel does not exist: %s" % kernel_id)
    tornado.web.HTTPError: HTTP 404: Not Found (Kernel does not exist: 737dea90-6f33-4efd-9d4b-089350455139)
[W 2026-01-07 11:21:07.081 ServerApp] 404 GET /api/kernels/737dea90-6f33-4efd-9d4b-089350455139?1767781267060 (f3a03248ed4c467e92d3673ff7fe18fa@127.0.0.1) 16.66ms referer=http://localhost:8888/doc/tree/Lab2-Community-detection/lab2_jupyter.ipynb
[W 2026-01-07 11:21:08.066 ServerApp] 404 GET /api/kernels/737dea90-6f33-4efd-9d4b-089350455139/channels?session_id=a06aa48b-0589-4fe6-bb93-e9f44a93c97f (127.0.0.1): Kernel does not exist: 737dea90-6f33-4efd-9d4b-089350455139
[W 2026-01-07 11:21:08.109 ServerApp] 404 GET /api/kernels/737dea90-6f33-4efd-9d4b-089350455139/channels?session_id=a06aa48b-0589-4fe6-bb93-e9f44a93c97f (f3a03248ed4c467e92d3673ff7fe18fa@127.0.0.1) 43.41ms referer=None
[W 2026-01-07 11:21:08.114 ServerApp] 404 GET /api/kernels/737dea90-6f33-4efd-9d4b-089350455139?1767781268109 (127.0.0.1): Kernel does not exist: 737dea90-6f33-4efd-9d4b-089350455139
[W 2026-01-07 11:21:08.114 ServerApp] wrote error: 'Kernel does not exist: 737dea90-6f33-4efd-9d4b-089350455139'
    Traceback (most recent call last):
      File "/home/etsuko/.cache/pypoetry/virtualenvs/centrale-casa-lab1-centrality-VbnhcQK0-py3.12/lib/python3.12/site-packages/tornado/web.py", line 1859, in _execute
        result = await result
                 ^^^^^^^^^^^^
      File "/home/etsuko/.cache/pypoetry/virtualenvs/centrale-casa-lab1-centrality-VbnhcQK0-py3.12/lib/python3.12/site-packages/jupyter_server/auth/decorator.py", line 73, in inner
        return await out
               ^^^^^^^^^
      File "/home/etsuko/.cache/pypoetry/virtualenvs/centrale-casa-lab1-centrality-VbnhcQK0-py3.12/lib/python3.12/site-packages/jupyter_server/services/kernels/handlers.py", line 75, in get
        model = await ensure_async(km.kernel_model(kernel_id))
                                   ^^^^^^^^^^^^^^^^^^^^^^^^^^
      File "/home/etsuko/.cache/pypoetry/virtualenvs/centrale-casa-lab1-centrality-VbnhcQK0-py3.12/lib/python3.12/site-packages/jupyter_server/services/kernels/kernelmanager.py", line 513, in kernel_model
        self._check_kernel_id(kernel_id)
      File "/home/etsuko/.cache/pypoetry/virtualenvs/centrale-casa-lab1-centrality-VbnhcQK0-py3.12/lib/python3.12/site-packages/jupyter_server/services/kernels/kernelmanager.py", line 544, in _check_kernel_id
        raise web.HTTPError(404, "Kernel does not exist: %s" % kernel_id)
    tornado.web.HTTPError: HTTP 404: Not Found (Kernel does not exist: 737dea90-6f33-4efd-9d4b-089350455139)
[W 2026-01-07 11:21:08.115 ServerApp] 404 GET /api/kernels/737dea90-6f33-4efd-9d4b-089350455139?1767781268109 (f3a03248ed4c467e92d3673ff7fe18fa@127.0.0.1) 2.61ms referer=http://localhost:8888/doc/tree/Lab2-Community-detection/lab2_jupyter.ipynb
[W 2026-01-07 11:21:11.064 ServerApp] 404 GET /api/kernels/737dea90-6f33-4efd-9d4b-089350455139/channels?session_id=a06aa48b-0589-4fe6-bb93-e9f44a93c97f (127.0.0.1): Kernel does not exist: 737dea90-6f33-4efd-9d4b-089350455139
[W 2026-01-07 11:21:11.065 ServerApp] 404 GET /api/kernels/737dea90-6f33-4efd-9d4b-089350455139/channels?session_id=a06aa48b-0589-4fe6-bb93-e9f44a93c97f (f3a03248ed4c467e92d3673ff7fe18fa@127.0.0.1) 1.99ms referer=None
[W 2026-01-07 11:21:11.070 ServerApp] 404 GET /api/kernels/737dea90-6f33-4efd-9d4b-089350455139?1767781271066 (127.0.0.1): Kernel does not exist: 737dea90-6f33-4efd-9d4b-089350455139
[W 2026-01-07 11:21:11.071 ServerApp] wrote error: 'Kernel does not exist: 737dea90-6f33-4efd-9d4b-089350455139'
    Traceback (most recent call last):
      File "/home/etsuko/.cache/pypoetry/virtualenvs/centrale-casa-lab1-centrality-VbnhcQK0-py3.12/lib/python3.12/site-packages/tornado/web.py", line 1859, in _execute
        result = await result
                 ^^^^^^^^^^^^
      File "/home/etsuko/.cache/pypoetry/virtualenvs/centrale-casa-lab1-centrality-VbnhcQK0-py3.12/lib/python3.12/site-packages/jupyter_server/auth/decorator.py", line 73, in inner
        return await out
               ^^^^^^^^^
      File "/home/etsuko/.cache/pypoetry/virtualenvs/centrale-casa-lab1-centrality-VbnhcQK0-py3.12/lib/python3.12/site-packages/jupyter_server/services/kernels/handlers.py", line 75, in get
        model = await ensure_async(km.kernel_model(kernel_id))
                                   ^^^^^^^^^^^^^^^^^^^^^^^^^^
      File "/home/etsuko/.cache/pypoetry/virtualenvs/centrale-casa-lab1-centrality-VbnhcQK0-py3.12/lib/python3.12/site-packages/jupyter_server/services/kernels/kernelmanager.py", line 513, in kernel_model
        self._check_kernel_id(kernel_id)
      File "/home/etsuko/.cache/pypoetry/virtualenvs/centrale-casa-lab1-centrality-VbnhcQK0-py3.12/lib/python3.12/site-packages/jupyter_server/services/kernels/kernelmanager.py", line 544, in _check_kernel_id
        raise web.HTTPError(404, "Kernel does not exist: %s" % kernel_id)
    tornado.web.HTTPError: HTTP 404: Not Found (Kernel does not exist: 737dea90-6f33-4efd-9d4b-089350455139)
[W 2026-01-07 11:21:11.072 ServerApp] 404 GET /api/kernels/737dea90-6f33-4efd-9d4b-089350455139?1767781271066 (f3a03248ed4c467e92d3673ff7fe18fa@127.0.0.1) 2.42ms referer=http://localhost:8888/doc/tree/Lab2-Community-detection/lab2_jupyter.ipynb
[W 2026-01-07 11:21:14.071 ServerApp] 404 GET /api/kernels/737dea90-6f33-4efd-9d4b-089350455139/channels?session_id=a06aa48b-0589-4fe6-bb93-e9f44a93c97f (127.0.0.1): Kernel does not exist: 737dea90-6f33-4efd-9d4b-089350455139
[W 2026-01-07 11:21:14.073 ServerApp] 404 GET /api/kernels/737dea90-6f33-4efd-9d4b-089350455139/channels?session_id=a06aa48b-0589-4fe6-bb93-e9f44a93c97f (f3a03248ed4c467e92d3673ff7fe18fa@127.0.0.1) 4.27ms referer=None
[W 2026-01-07 11:21:14.083 ServerApp] 404 GET /api/kernels/737dea90-6f33-4efd-9d4b-089350455139?1767781274075 (127.0.0.1): Kernel does not exist: 737dea90-6f33-4efd-9d4b-089350455139
[W 2026-01-07 11:21:14.083 ServerApp] wrote error: 'Kernel does not exist: 737dea90-6f33-4efd-9d4b-089350455139'
    Traceback (most recent call last):
      File "/home/etsuko/.cache/pypoetry/virtualenvs/centrale-casa-lab1-centrality-VbnhcQK0-py3.12/lib/python3.12/site-packages/tornado/web.py", line 1859, in _execute
        result = await result
                 ^^^^^^^^^^^^
      File "/home/etsuko/.cache/pypoetry/virtualenvs/centrale-casa-lab1-centrality-VbnhcQK0-py3.12/lib/python3.12/site-packages/jupyter_server/auth/decorator.py", line 73, in inner
        return await out
               ^^^^^^^^^
      File "/home/etsuko/.cache/pypoetry/virtualenvs/centrale-casa-lab1-centrality-VbnhcQK0-py3.12/lib/python3.12/site-packages/jupyter_server/services/kernels/handlers.py", line 75, in get
        model = await ensure_async(km.kernel_model(kernel_id))
                                   ^^^^^^^^^^^^^^^^^^^^^^^^^^
      File "/home/etsuko/.cache/pypoetry/virtualenvs/centrale-casa-lab1-centrality-VbnhcQK0-py3.12/lib/python3.12/site-packages/jupyter_server/services/kernels/kernelmanager.py", line 513, in kernel_model
        self._check_kernel_id(kernel_id)
      File "/home/etsuko/.cache/pypoetry/virtualenvs/centrale-casa-lab1-centrality-VbnhcQK0-py3.12/lib/python3.12/site-packages/jupyter_server/services/kernels/kernelmanager.py", line 544, in _check_kernel_id
        raise web.HTTPError(404, "Kernel does not exist: %s" % kernel_id)
    tornado.web.HTTPError: HTTP 404: Not Found (Kernel does not exist: 737dea90-6f33-4efd-9d4b-089350455139)
[W 2026-01-07 11:21:14.085 ServerApp] 404 GET /api/kernels/737dea90-6f33-4efd-9d4b-089350455139?1767781274075 (f3a03248ed4c467e92d3673ff7fe18fa@127.0.0.1) 3.04ms referer=http://localhost:8888/doc/tree/Lab2-Community-detection/lab2_jupyter.ipynb
[W 2026-01-07 11:21:21.065 ServerApp] 404 GET /api/kernels/737dea90-6f33-4efd-9d4b-089350455139/channels?session_id=a06aa48b-0589-4fe6-bb93-e9f44a93c97f (127.0.0.1): Kernel does not exist: 737dea90-6f33-4efd-9d4b-089350455139
[W 2026-01-07 11:21:21.076 ServerApp] 404 GET /api/kernels/737dea90-6f33-4efd-9d4b-089350455139/channels?session_id=a06aa48b-0589-4fe6-bb93-e9f44a93c97f (f3a03248ed4c467e92d3673ff7fe18fa@127.0.0.1) 12.52ms referer=None
[W 2026-01-07 11:21:21.082 ServerApp] 404 GET /api/kernels/737dea90-6f33-4efd-9d4b-089350455139?1767781281078 (127.0.0.1): Kernel does not exist: 737dea90-6f33-4efd-9d4b-089350455139
[W 2026-01-07 11:21:21.082 ServerApp] wrote error: 'Kernel does not exist: 737dea90-6f33-4efd-9d4b-089350455139'
    Traceback (most recent call last):
      File "/home/etsuko/.cache/pypoetry/virtualenvs/centrale-casa-lab1-centrality-VbnhcQK0-py3.12/lib/python3.12/site-packages/tornado/web.py", line 1859, in _execute
        result = await result
                 ^^^^^^^^^^^^
      File "/home/etsuko/.cache/pypoetry/virtualenvs/centrale-casa-lab1-centrality-VbnhcQK0-py3.12/lib/python3.12/site-packages/jupyter_server/auth/decorator.py", line 73, in inner
        return await out
               ^^^^^^^^^
      File "/home/etsuko/.cache/pypoetry/virtualenvs/centrale-casa-lab1-centrality-VbnhcQK0-py3.12/lib/python3.12/site-packages/jupyter_server/services/kernels/handlers.py", line 75, in get
        model = await ensure_async(km.kernel_model(kernel_id))
                                   ^^^^^^^^^^^^^^^^^^^^^^^^^^
      File "/home/etsuko/.cache/pypoetry/virtualenvs/centrale-casa-lab1-centrality-VbnhcQK0-py3.12/lib/python3.12/site-packages/jupyter_server/services/kernels/kernelmanager.py", line 513, in kernel_model
        self._check_kernel_id(kernel_id)
      File "/home/etsuko/.cache/pypoetry/virtualenvs/centrale-casa-lab1-centrality-VbnhcQK0-py3.12/lib/python3.12/site-packages/jupyter_server/services/kernels/kernelmanager.py", line 544, in _check_kernel_id
        raise web.HTTPError(404, "Kernel does not exist: %s" % kernel_id)
    tornado.web.HTTPError: HTTP 404: Not Found (Kernel does not exist: 737dea90-6f33-4efd-9d4b-089350455139)
[W 2026-01-07 11:21:21.084 ServerApp] 404 GET /api/kernels/737dea90-6f33-4efd-9d4b-089350455139?1767781281078 (f3a03248ed4c467e92d3673ff7fe18fa@127.0.0.1) 2.89ms referer=http://localhost:8888/doc/tree/Lab2-Community-detection/lab2_jupyter.ipynb
[W 2026-01-07 11:21:43.070 ServerApp] 404 GET /api/kernels/737dea90-6f33-4efd-9d4b-089350455139/channels?session_id=a06aa48b-0589-4fe6-bb93-e9f44a93c97f (127.0.0.1): Kernel does not exist: 737dea90-6f33-4efd-9d4b-089350455139
[W 2026-01-07 11:21:43.071 ServerApp] 404 GET /api/kernels/737dea90-6f33-4efd-9d4b-089350455139/channels?session_id=a06aa48b-0589-4fe6-bb93-e9f44a93c97f (f3a03248ed4c467e92d3673ff7fe18fa@127.0.0.1) 1.46ms referer=None
[W 2026-01-07 11:21:43.074 ServerApp] 404 GET /api/kernels/737dea90-6f33-4efd-9d4b-089350455139?1767781303072 (127.0.0.1): Kernel does not exist: 737dea90-6f33-4efd-9d4b-089350455139
[W 2026-01-07 11:21:43.075 ServerApp] wrote error: 'Kernel does not exist: 737dea90-6f33-4efd-9d4b-089350455139'
    Traceback (most recent call last):
      File "/home/etsuko/.cache/pypoetry/virtualenvs/centrale-casa-lab1-centrality-VbnhcQK0-py3.12/lib/python3.12/site-packages/tornado/web.py", line 1859, in _execute
        result = await result
                 ^^^^^^^^^^^^
      File "/home/etsuko/.cache/pypoetry/virtualenvs/centrale-casa-lab1-centrality-VbnhcQK0-py3.12/lib/python3.12/site-packages/jupyter_server/auth/decorator.py", line 73, in inner
        return await out
               ^^^^^^^^^
      File "/home/etsuko/.cache/pypoetry/virtualenvs/centrale-casa-lab1-centrality-VbnhcQK0-py3.12/lib/python3.12/site-packages/jupyter_server/services/kernels/handlers.py", line 75, in get
        model = await ensure_async(km.kernel_model(kernel_id))
                                   ^^^^^^^^^^^^^^^^^^^^^^^^^^
      File "/home/etsuko/.cache/pypoetry/virtualenvs/centrale-casa-lab1-centrality-VbnhcQK0-py3.12/lib/python3.12/site-packages/jupyter_server/services/kernels/kernelmanager.py", line 513, in kernel_model
        self._check_kernel_id(kernel_id)
      File "/home/etsuko/.cache/pypoetry/virtualenvs/centrale-casa-lab1-centrality-VbnhcQK0-py3.12/lib/python3.12/site-packages/jupyter_server/services/kernels/kernelmanager.py", line 544, in _check_kernel_id
        raise web.HTTPError(404, "Kernel does not exist: %s" % kernel_id)
    tornado.web.HTTPError: HTTP 404: Not Found (Kernel does not exist: 737dea90-6f33-4efd-9d4b-089350455139)
[W 2026-01-07 11:21:43.075 ServerApp] 404 GET /api/kernels/737dea90-6f33-4efd-9d4b-089350455139?1767781303072 (f3a03248ed4c467e92d3673ff7fe18fa@127.0.0.1) 1.34ms referer=http://localhost:8888/doc/tree/Lab2-Community-detection/lab2_jupyter.ipynb
[W 2026-01-07 11:22:19.159 ServerApp] Notebook Lab2-Community-detection/lab2_jupyter.ipynb is not trusted
[I 2026-01-07 11:22:22.585 ServerApp] Kernel started: b9d7d2b6-b02b-422c-a96f-c43828888679
[I 2026-01-07 11:22:23.100 ServerApp] Adapting from protocol version 5.3 (kernel b9d7d2b6-b02b-422c-a96f-c43828888679) to 5.4 (client).
[I 2026-01-07 11:22:23.101 ServerApp] Connecting to kernel b9d7d2b6-b02b-422c-a96f-c43828888679.
[W 2026-01-07 11:22:23.105 ServerApp] The websocket_ping_timeout (90000) cannot be longer than the websocket_ping_interval (30000).
    Setting websocket_ping_timeout=30000
[I 2026-01-07 11:22:23.118 ServerApp] Adapting from protocol version 5.3 (kernel b9d7d2b6-b02b-422c-a96f-c43828888679) to 5.4 (client).
[I 2026-01-07 11:22:23.121 ServerApp] Connecting to kernel b9d7d2b6-b02b-422c-a96f-c43828888679.
[I 2026-01-07 11:22:23.136 ServerApp] Adapting from protocol version 5.3 (kernel b9d7d2b6-b02b-422c-a96f-c43828888679) to 5.4 (client).
[I 2026-01-07 11:22:23.140 ServerApp] Connecting to kernel b9d7d2b6-b02b-422c-a96f-c43828888679.
[W 2026-01-07 11:22:23.166 ServerApp] Got events for closed stream <zmq.eventloop.zmqstream.ZMQStream object at 0x7e72f93963c0>
[I 2026-01-07 11:22:33.407 ServerApp] Interrupted...
[I 2026-01-07 11:22:45.981 ServerApp] jupyter_lsp | extension was successfully linked.
[I 2026-01-07 11:22:45.987 ServerApp] jupyter_server_terminals | extension was successfully linked.
[I 2026-01-07 11:22:45.992 ServerApp] jupyterlab | extension was successfully linked.
[I 2026-01-07 11:22:45.996 ServerApp] notebook | extension was successfully linked.
[I 2026-01-07 11:22:46.253 ServerApp] notebook_shim | extension was successfully linked.
[I 2026-01-07 11:22:46.266 ServerApp] notebook_shim | extension was successfully loaded.
[I 2026-01-07 11:22:46.268 ServerApp] jupyter_lsp | extension was successfully loaded.
[I 2026-01-07 11:22:46.269 ServerApp] jupyter_server_terminals | extension was successfully loaded.
[I 2026-01-07 11:22:46.271 LabApp] JupyterLab extension loaded from /home/etsuko/.cache/pypoetry/virtualenvs/centrale-casa-lab1-centrality-VbnhcQK0-py3.12/lib/python3.12/site-packages/jupyterlab
[I 2026-01-07 11:22:46.271 LabApp] JupyterLab application directory is /home/etsuko/.cache/pypoetry/virtualenvs/centrale-casa-lab1-centrality-VbnhcQK0-py3.12/share/jupyter/lab
[I 2026-01-07 11:22:46.271 LabApp] Extension Manager is 'pypi'.
[I 2026-01-07 11:22:46.312 ServerApp] jupyterlab | extension was successfully loaded.
[I 2026-01-07 11:22:46.315 ServerApp] notebook | extension was successfully loaded.
[I 2026-01-07 11:22:46.315 ServerApp] Serving notebooks from local directory: /home/etsuko/Desktop/courses/options/graph-analytics-and-applications/Centrale-Casa-Lab1-Centrality/Centrale-Casa-Lab1-Centrality
[I 2026-01-07 11:22:46.315 ServerApp] Jupyter Server 2.17.0 is running at:
[I 2026-01-07 11:22:46.315 ServerApp] http://localhost:8888/lab?token=26fd6bb5112be0c7b95ec07c9f7079f8c3bd5c8365a180fd
[I 2026-01-07 11:22:46.315 ServerApp]     http://127.0.0.1:8888/lab?token=26fd6bb5112be0c7b95ec07c9f7079f8c3bd5c8365a180fd
[I 2026-01-07 11:22:46.315 ServerApp] Use Control-C to stop this server and shut down all kernels (twice to skip confirmation).
[C 2026-01-07 11:22:46.332 ServerApp] 
    
    To access the server, open this file in a browser:
        file:///home/etsuko/.local/share/jupyter/runtime/jpserver-920473-open.html
    Or copy and paste one of these URLs:
        http://localhost:8888/lab?token=26fd6bb5112be0c7b95ec07c9f7079f8c3bd5c8365a180fd
        http://127.0.0.1:8888/lab?token=26fd6bb5112be0c7b95ec07c9f7079f8c3bd5c8365a180fd
Opening in existing browser session.
[I 2026-01-07 11:22:46.476 ServerApp] Skipped non-installed server(s): basedpyright, bash-language-server, dockerfile-language-server-nodejs, javascript-typescript-langserver, jedi-language-server, julia-language-server, pyrefly, pyright, python-language-server, python-lsp-server, r-languageserver, sql-language-server, texlab, typescript-language-server, unified-language-server, vscode-css-languageserver-bin, vscode-html-languageserver-bin, vscode-json-languageserver-bin, yaml-language-server
[I 2026-01-07 11:22:48.525 LabApp] Build is up to date
[W 2026-01-07 11:22:48.861 ServerApp] Notebook Lab2-Community-detection/lab2_jupyter.ipynb is not trusted
[I 2026-01-07 11:22:51.176 ServerApp] Kernel started: 07e000e8-4ad3-46b9-9a17-ad1b672ebf37
[I 2026-01-07 11:22:51.699 ServerApp] Adapting from protocol version 5.3 (kernel 07e000e8-4ad3-46b9-9a17-ad1b672ebf37) to 5.4 (client).
[I 2026-01-07 11:22:51.700 ServerApp] Connecting to kernel 07e000e8-4ad3-46b9-9a17-ad1b672ebf37.
[W 2026-01-07 11:22:51.702 ServerApp] The websocket_ping_timeout (90000) cannot be longer than the websocket_ping_interval (30000).
    Setting websocket_ping_timeout=30000
[I 2026-01-07 11:22:51.712 ServerApp] Adapting from protocol version 5.3 (kernel 07e000e8-4ad3-46b9-9a17-ad1b672ebf37) to 5.4 (client).
[I 2026-01-07 11:22:51.713 ServerApp] Connecting to kernel 07e000e8-4ad3-46b9-9a17-ad1b672ebf37.
[I 2026-01-07 11:22:51.729 ServerApp] Adapting from protocol version 5.3 (kernel 07e000e8-4ad3-46b9-9a17-ad1b672ebf37) to 5.4 (client).
[I 2026-01-07 11:22:51.732 ServerApp] Connecting to kernel 07e000e8-4ad3-46b9-9a17-ad1b672ebf37.
[I 2026-01-07 11:23:01.256 ServerApp] Interrupted...
